[debug] [2024-09-05T22:12:01.167Z] ----------------------------------------------------------------------
[debug] [2024-09-05T22:12:01.169Z] Command:       C:\Program Files\nodejs\node.exe C:\Users\PC-Gamer\AppData\Roaming\npm\node_modules\firebase-tools\lib\bin\firebase.js init
[debug] [2024-09-05T22:12:01.169Z] CLI Version:   13.16.0
[debug] [2024-09-05T22:12:01.169Z] Platform:      win32
[debug] [2024-09-05T22:12:01.170Z] Node Version:  v21.6.2
[debug] [2024-09-05T22:12:01.170Z] Time:          Thu Sep 05 2024 23:12:01 GMT+0100 (UTC+01:00)
[debug] [2024-09-05T22:12:01.170Z] ----------------------------------------------------------------------
[debug] 
[debug] [2024-09-05T22:12:01.226Z] > command requires scopes: ["email","openid","https://www.googleapis.com/auth/cloudplatformprojects.readonly","https://www.googleapis.com/auth/firebase","https://www.googleapis.com/auth/cloud-platform"]
[debug] [2024-09-05T22:12:01.227Z] > authorizing via signed-in user (khemakhem.melek123@gmail.com)
[info] 
     ######## #### ########  ######## ########     ###     ######  ########
     ##        ##  ##     ## ##       ##     ##  ##   ##  ##       ##
     ######    ##  ########  ######   ########  #########  ######  ######
     ##        ##  ##    ##  ##       ##     ## ##     ##       ## ##
     ##       #### ##     ## ######## ########  ##     ##  ######  ########

You're about to initialize a Firebase project in this directory:

  C:\Users\PC-Gamer\Desktop\projrt_am\Imageupload

Before we get started, keep in mind:

  * You are initializing within an existing Firebase project directory

[info] 
=== Project Setup
[info] 
[info] First, let's associate this project directory with a Firebase project.
[info] You can create multiple project aliases by running firebase use --add, 
[info] but for now we'll just set up a default project.
[info] 
[debug] [2024-09-05T22:12:09.136Z] Using project from CLI flag: new23-768df
[debug] [2024-09-05T22:12:09.137Z] >>> [apiv2][query] GET https://firebase.googleapis.com/v1beta1/projects/new23-768df [none]
[debug] [2024-09-05T22:12:09.662Z] <<< [apiv2][status] GET https://firebase.googleapis.com/v1beta1/projects/new23-768df 403
[debug] [2024-09-05T22:12:09.662Z] <<< [apiv2][body] GET https://firebase.googleapis.com/v1beta1/projects/new23-768df {"error":{"code":403,"message":"The caller does not have permission","status":"PERMISSION_DENIED"}}
[debug] [2024-09-05T22:12:09.662Z] HTTP Error: 403, The caller does not have permission
[debug] [2024-09-05T22:12:09.663Z] FirebaseError: HTTP Error: 403, The caller does not have permission
    at responseToError (C:\Users\PC-Gamer\AppData\Roaming\npm\node_modules\firebase-tools\lib\responseToError.js:49:12)
    at RetryOperation._fn (C:\Users\PC-Gamer\AppData\Roaming\npm\node_modules\firebase-tools\lib\apiv2.js:305:77)
    at process.processTicksAndRejections (node:internal/process/task_queues:95:5)
[error] 
[error] Error: Failed to get Firebase project new23-768df. Please make sure the project exists and your account has permission to access it.
